# JRE version: Java(TM) SE Runtime Environment (8.0_171-b11) (build 1.8.0_171-b11)
# Java VM: Java HotSpot(TM) 64-Bit Server VM (25.171-b11 mixed mode windows-amd64 compressed oops)
Heap:
 PSYoungGen      total 203264K, used 87652K [0x00000000d5e00000, 0x00000000e3500000, 0x0000000100000000)
  eden space 191488K, 45% used [0x00000000d5e00000,0x00000000db399120,0x00000000e1900000)
  from space 11776K, 0% used [0x00000000e2580000,0x00000000e2580000,0x00000000e3100000)
  to   space 12800K, 0% used [0x00000000e1900000,0x00000000e1900000,0x00000000e2580000)
 ParOldGen       total 59904K, used 14918K [0x0000000081a00000, 0x0000000085480000, 0x00000000d5e00000)
  object space 59904K, 24% used [0x0000000081a00000,0x0000000082891a00,0x0000000085480000)
 Metaspace       used 45573K, capacity 47848K, committed 48128K, reserved 1091584K
  class space    used 6181K, capacity 6570K, committed 6656K, reserved 1048576K
GC Heap History (10 events):
Event: 4.840 GC heap before
{Heap before GC invocations=6 (full 0):
 PSYoungGen      total 71680K, used 11793K [0x00000000d5e00000, 0x00000000df400000, 0x0000000100000000)
  eden space 66560K, 10% used [0x00000000d5e00000,0x00000000d6488ab8,0x00000000d9f00000)
  from space 5120K, 99% used [0x00000000d9f00000,0x00000000da3fbab0,0x00000000da400000)
  to   space 10240K, 0% used [0x00000000dea00000,0x00000000dea00000,0x00000000df400000)
 ParOldGen       total 87552K, used 6419K [0x0000000081a00000, 0x0000000086f80000, 0x00000000d5e00000)
  object space 87552K, 7% used [0x0000000081a00000,0x0000000082044f30,0x0000000086f80000)
 Metaspace       used 20239K, capacity 21250K, committed 21296K, reserved 1069056K
  class space    used 2565K, capacity 2799K, committed 2816K, reserved 1048576K
Event: 4.868 GC heap after
Heap after GC invocations=6 (full 0):
 PSYoungGen      total 142336K, used 5686K [0x00000000d5e00000, 0x00000000df300000, 0x0000000100000000)
  eden space 133120K, 0% used [0x00000000d5e00000,0x00000000d5e00000,0x00000000de000000)
  from space 9216K, 61% used [0x00000000dea00000,0x00000000def8d8c0,0x00000000df300000)
  to   space 9728K, 0% used [0x00000000de000000,0x00000000de000000,0x00000000de980000)
 ParOldGen       total 87552K, used 6419K [0x0000000081a00000, 0x0000000086f80000, 0x00000000d5e00000)
  object space 87552K, 7% used [0x0000000081a00000,0x0000000082044f30,0x0000000086f80000)
 Metaspace       used 20239K, capacity 21250K, committed 21296K, reserved 1069056K
  class space    used 2565K, capacity 2799K, committed 2816K, reserved 1048576K
}
Event: 4.868 GC heap before
{Heap before GC invocations=7 (full 1):
 PSYoungGen      total 142336K, used 5686K [0x00000000d5e00000, 0x00000000df300000, 0x0000000100000000)
  eden space 133120K, 0% used [0x00000000d5e00000,0x00000000d5e00000,0x00000000de000000)
  from space 9216K, 61% used [0x00000000dea00000,0x00000000def8d8c0,0x00000000df300000)
  to   space 9728K, 0% used [0x00000000de000000,0x00000000de000000,0x00000000de980000)
 ParOldGen       total 87552K, used 6419K [0x0000000081a00000, 0x0000000086f80000, 0x00000000d5e00000)
  object space 87552K, 7% used [0x0000000081a00000,0x0000000082044f30,0x0000000086f80000)
 Metaspace       used 20239K, capacity 21250K, committed 21296K, reserved 1069056K
  class space    used 2565K, capacity 2799K, committed 2816K, reserved 1048576K
Event: 4.990 GC heap after
Heap after GC invocations=7 (full 1):
 PSYoungGen      total 142336K, used 0K [0x00000000d5e00000, 0x00000000df300000, 0x0000000100000000)
  eden space 133120K, 0% used [0x00000000d5e00000,0x00000000d5e00000,0x00000000de000000)
  from space 9216K, 0% used [0x00000000dea00000,0x00000000dea00000,0x00000000df300000)
  to   space 9728K, 0% used [0x00000000de000000,0x00000000de000000,0x00000000de980000)
 ParOldGen       total 59904K, used 6144K [0x0000000081a00000, 0x0000000085480000, 0x00000000d5e00000)
  object space 59904K, 10% used [0x0000000081a00000,0x00000000820001a0,0x0000000085480000)
 Metaspace       used 20239K, capacity 21250K, committed 21296K, reserved 1069056K
  class space    used 2565K, capacity 2799K, committed 2816K, reserved 1048576K
}
Event: 8.608 GC heap before
{Heap before GC invocations=8 (full 1):
 PSYoungGen      total 142336K, used 133120K [0x00000000d5e00000, 0x00000000df300000, 0x0000000100000000)
  eden space 133120K, 100% used [0x00000000d5e00000,0x00000000de000000,0x00000000de000000)
  from space 9216K, 0% used [0x00000000dea00000,0x00000000dea00000,0x00000000df300000)
  to   space 9728K, 0% used [0x00000000de000000,0x00000000de000000,0x00000000de980000)
 ParOldGen       total 59904K, used 6144K [0x0000000081a00000, 0x0000000085480000, 0x00000000d5e00000)
  object space 59904K, 10% used [0x0000000081a00000,0x00000000820001a0,0x0000000085480000)
 Metaspace       used 28121K, capacity 30116K, committed 30464K, reserved 1075200K
  class space    used 3652K, capacity 4020K, committed 4096K, reserved 1048576K
Event: 8.634 GC heap after
Heap after GC invocations=8 (full 1):
 PSYoungGen      total 142848K, used 9720K [0x00000000d5e00000, 0x00000000e3100000, 0x0000000100000000)
  eden space 133120K, 0% used [0x00000000d5e00000,0x00000000d5e00000,0x00000000de000000)
  from space 9728K, 99% used [0x00000000de000000,0x00000000de97e2e8,0x00000000de980000)
  to   space 11776K, 0% used [0x00000000e2580000,0x00000000e2580000,0x00000000e3100000)
 ParOldGen       total 59904K, used 7620K [0x0000000081a00000, 0x0000000085480000, 0x00000000d5e00000)
  object space 59904K, 12% used [0x0000000081a00000,0x00000000821712b8,0x0000000085480000)
 Metaspace       used 28121K, capacity 30116K, committed 30464K, reserved 1075200K
  class space    used 3652K, capacity 4020K, committed 4096K, reserved 1048576K
}
Event: 10.082 GC heap before
{Heap before GC invocations=9 (full 1):
 PSYoungGen      total 142848K, used 92786K [0x00000000d5e00000, 0x00000000e3100000, 0x0000000100000000)
  eden space 133120K, 62% used [0x00000000d5e00000,0x00000000daf1e628,0x00000000de000000)
  from space 9728K, 99% used [0x00000000de000000,0x00000000de97e2e8,0x00000000de980000)
  to   space 11776K, 0% used [0x00000000e2580000,0x00000000e2580000,0x00000000e3100000)
 ParOldGen       total 59904K, used 7620K [0x0000000081a00000, 0x0000000085480000, 0x00000000d5e00000)
  object space 59904K, 12% used [0x0000000081a00000,0x00000000821712b8,0x0000000085480000)
 Metaspace       used 33287K, capacity 35422K, committed 35496K, reserved 1079296K
  class space    used 4405K, capacity 4807K, committed 4864K, reserved 1048576K
Event: 10.118 GC heap after
Heap after GC invocations=9 (full 1):
 PSYoungGen      total 203264K, used 10093K [0x00000000d5e00000, 0x00000000e3500000, 0x0000000100000000)
  eden space 191488K, 0% used [0x00000000d5e00000,0x00000000d5e00000,0x00000000e1900000)
  from space 11776K, 85% used [0x00000000e2580000,0x00000000e2f5b5c0,0x00000000e3100000)
  to   space 12800K, 0% used [0x00000000e1900000,0x00000000e1900000,0x00000000e2580000)
 ParOldGen       total 59904K, used 7620K [0x0000000081a00000, 0x0000000085480000, 0x00000000d5e00000)
  object space 59904K, 12% used [0x0000000081a00000,0x00000000821712b8,0x0000000085480000)
 Metaspace       used 33287K, capacity 35422K, committed 35496K, reserved 1079296K
  class space    used 4405K, capacity 4807K, committed 4864K, reserved 1048576K
}
Event: 10.118 GC heap before
{Heap before GC invocations=10 (full 2):
 PSYoungGen      total 203264K, used 10093K [0x00000000d5e00000, 0x00000000e3500000, 0x0000000100000000)
  eden space 191488K, 0% used [0x00000000d5e00000,0x00000000d5e00000,0x00000000e1900000)
  from space 11776K, 85% used [0x00000000e2580000,0x00000000e2f5b5c0,0x00000000e3100000)
  to   space 12800K, 0% used [0x00000000e1900000,0x00000000e1900000,0x00000000e2580000)
 ParOldGen       total 59904K, used 7620K [0x0000000081a00000, 0x0000000085480000, 0x00000000d5e00000)
  object space 59904K, 12% used [0x0000000081a00000,0x00000000821712b8,0x0000000085480000)
 Metaspace       used 33287K, capacity 35422K, committed 35496K, reserved 1079296K
  class space    used 4405K, capacity 4807K, committed 4864K, reserved 1048576K
Event: 10.213 GC heap after
Heap after GC invocations=10 (full 2):
 PSYoungGen      total 203264K, used 0K [0x00000000d5e00000, 0x00000000e3500000, 0x0000000100000000)
  eden space 191488K, 0% used [0x00000000d5e00000,0x00000000d5e00000,0x00000000e1900000)
  from space 11776K, 0% used [0x00000000e2580000,0x00000000e2580000,0x00000000e3100000)
  to   space 12800K, 0% used [0x00000000e1900000,0x00000000e1900000,0x00000000e2580000)
 ParOldGen       total 59904K, used 14918K [0x0000000081a00000, 0x0000000085480000, 0x00000000d5e00000)
  object space 59904K, 24% used [0x0000000081a00000,0x0000000082891a00,0x0000000085480000)
 Metaspace       used 33287K, capacity 35422K, committed 35496K, reserved 1079296K
  class space    used 4405K, capacity 4807K, committed 4864K, reserved 1048576K
}

