# JRE version: Java(TM) SE Runtime Environment (8.0_171-b11) (build 1.8.0_171-b11)
# Java VM: Java HotSpot(TM) 64-Bit Server VM (25.171-b11 mixed mode windows-amd64 compressed oops)
Heap:
 PSYoungGen      total 226304K, used 86784K [0x00000000d5e00000, 0x00000000e4b00000, 0x0000000100000000)
  eden space 216064K, 40% used [0x00000000d5e00000,0x00000000db2c00e8,0x00000000e3100000)
  from space 10240K, 0% used [0x00000000e4100000,0x00000000e4100000,0x00000000e4b00000)
  to   space 12800K, 0% used [0x00000000e3200000,0x00000000e3200000,0x00000000e3e80000)
 ParOldGen       total 53248K, used 14949K [0x0000000081a00000, 0x0000000084e00000, 0x00000000d5e00000)
  object space 53248K, 28% used [0x0000000081a00000,0x0000000082899668,0x0000000084e00000)
 Metaspace       used 45610K, capacity 47912K, committed 48128K, reserved 1091584K
  class space    used 6182K, capacity 6570K, committed 6656K, reserved 1048576K
GC Heap History (10 events):
Event: 5.436 GC heap before
{Heap before GC invocations=6 (full 0):
 PSYoungGen      total 71680K, used 12335K [0x00000000d5e00000, 0x00000000df400000, 0x0000000100000000)
  eden space 66560K, 10% used [0x00000000d5e00000,0x00000000d650da50,0x00000000d9f00000)
  from space 5120K, 99% used [0x00000000d9f00000,0x00000000da3fe418,0x00000000da400000)
  to   space 10240K, 0% used [0x00000000dea00000,0x00000000dea00000,0x00000000df400000)
 ParOldGen       total 87552K, used 6429K [0x0000000081a00000, 0x0000000086f80000, 0x00000000d5e00000)
  object space 87552K, 7% used [0x0000000081a00000,0x00000000820475f8,0x0000000086f80000)
 Metaspace       used 20240K, capacity 21250K, committed 21296K, reserved 1069056K
  class space    used 2565K, capacity 2799K, committed 2816K, reserved 1048576K
Event: 5.448 GC heap after
Heap after GC invocations=6 (full 0):
 PSYoungGen      total 142336K, used 5790K [0x00000000d5e00000, 0x00000000df300000, 0x0000000100000000)
  eden space 133120K, 0% used [0x00000000d5e00000,0x00000000d5e00000,0x00000000de000000)
  from space 9216K, 62% used [0x00000000dea00000,0x00000000defa7898,0x00000000df300000)
  to   space 9728K, 0% used [0x00000000de000000,0x00000000de000000,0x00000000de980000)
 ParOldGen       total 87552K, used 6437K [0x0000000081a00000, 0x0000000086f80000, 0x00000000d5e00000)
  object space 87552K, 7% used [0x0000000081a00000,0x00000000820495f8,0x0000000086f80000)
 Metaspace       used 20240K, capacity 21250K, committed 21296K, reserved 1069056K
  class space    used 2565K, capacity 2799K, committed 2816K, reserved 1048576K
}
Event: 5.448 GC heap before
{Heap before GC invocations=7 (full 1):
 PSYoungGen      total 142336K, used 5790K [0x00000000d5e00000, 0x00000000df300000, 0x0000000100000000)
  eden space 133120K, 0% used [0x00000000d5e00000,0x00000000d5e00000,0x00000000de000000)
  from space 9216K, 62% used [0x00000000dea00000,0x00000000defa7898,0x00000000df300000)
  to   space 9728K, 0% used [0x00000000de000000,0x00000000de000000,0x00000000de980000)
 ParOldGen       total 87552K, used 6437K [0x0000000081a00000, 0x0000000086f80000, 0x00000000d5e00000)
  object space 87552K, 7% used [0x0000000081a00000,0x00000000820495f8,0x0000000086f80000)
 Metaspace       used 20240K, capacity 21250K, committed 21296K, reserved 1069056K
  class space    used 2565K, capacity 2799K, committed 2816K, reserved 1048576K
Event: 5.517 GC heap after
Heap after GC invocations=7 (full 1):
 PSYoungGen      total 142336K, used 0K [0x00000000d5e00000, 0x00000000df300000, 0x0000000100000000)
  eden space 133120K, 0% used [0x00000000d5e00000,0x00000000d5e00000,0x00000000de000000)
  from space 9216K, 0% used [0x00000000dea00000,0x00000000dea00000,0x00000000df300000)
  to   space 9728K, 0% used [0x00000000de000000,0x00000000de000000,0x00000000de980000)
 ParOldGen       total 53248K, used 6179K [0x0000000081a00000, 0x0000000084e00000, 0x00000000d5e00000)
  object space 53248K, 11% used [0x0000000081a00000,0x0000000082008db8,0x0000000084e00000)
 Metaspace       used 20240K, capacity 21250K, committed 21296K, reserved 1069056K
  class space    used 2565K, capacity 2799K, committed 2816K, reserved 1048576K
}
Event: 9.354 GC heap before
{Heap before GC invocations=8 (full 1):
 PSYoungGen      total 142336K, used 133120K [0x00000000d5e00000, 0x00000000df300000, 0x0000000100000000)
  eden space 133120K, 100% used [0x00000000d5e00000,0x00000000de000000,0x00000000de000000)
  from space 9216K, 0% used [0x00000000dea00000,0x00000000dea00000,0x00000000df300000)
  to   space 9728K, 0% used [0x00000000de000000,0x00000000de000000,0x00000000de980000)
 ParOldGen       total 53248K, used 6179K [0x0000000081a00000, 0x0000000084e00000, 0x00000000d5e00000)
  object space 53248K, 11% used [0x0000000081a00000,0x0000000082008db8,0x0000000084e00000)
 Metaspace       used 28117K, capacity 30116K, committed 30464K, reserved 1075200K
  class space    used 3651K, capacity 4020K, committed 4096K, reserved 1048576K
Event: 9.373 GC heap after
Heap after GC invocations=8 (full 1):
 PSYoungGen      total 142848K, used 9720K [0x00000000d5e00000, 0x00000000e4c80000, 0x0000000100000000)
  eden space 133120K, 0% used [0x00000000d5e00000,0x00000000d5e00000,0x00000000de000000)
  from space 9728K, 99% used [0x00000000de000000,0x00000000de97e1d8,0x00000000de980000)
  to   space 11776K, 0% used [0x00000000e4100000,0x00000000e4100000,0x00000000e4c80000)
 ParOldGen       total 53248K, used 7607K [0x0000000081a00000, 0x0000000084e00000, 0x00000000d5e00000)
  object space 53248K, 14% used [0x0000000081a00000,0x000000008216df88,0x0000000084e00000)
 Metaspace       used 28117K, capacity 30116K, committed 30464K, reserved 1075200K
  class space    used 3651K, capacity 4020K, committed 4096K, reserved 1048576K
}
Event: 11.081 GC heap before
{Heap before GC invocations=9 (full 1):
 PSYoungGen      total 142848K, used 94503K [0x00000000d5e00000, 0x00000000e4c80000, 0x0000000100000000)
  eden space 133120K, 63% used [0x00000000d5e00000,0x00000000db0cbbf8,0x00000000de000000)
  from space 9728K, 99% used [0x00000000de000000,0x00000000de97e1d8,0x00000000de980000)
  to   space 11776K, 0% used [0x00000000e4100000,0x00000000e4100000,0x00000000e4c80000)
 ParOldGen       total 53248K, used 7607K [0x0000000081a00000, 0x0000000084e00000, 0x00000000d5e00000)
  object space 53248K, 14% used [0x0000000081a00000,0x000000008216df88,0x0000000084e00000)
 Metaspace       used 33286K, capacity 35422K, committed 35496K, reserved 1079296K
  class space    used 4406K, capacity 4807K, committed 4864K, reserved 1048576K
Event: 11.100 GC heap after
Heap after GC invocations=9 (full 1):
 PSYoungGen      total 226304K, used 10165K [0x00000000d5e00000, 0x00000000e4b00000, 0x0000000100000000)
  eden space 216064K, 0% used [0x00000000d5e00000,0x00000000d5e00000,0x00000000e3100000)
  from space 10240K, 99% used [0x00000000e4100000,0x00000000e4aed450,0x00000000e4b00000)
  to   space 12800K, 0% used [0x00000000e3200000,0x00000000e3200000,0x00000000e3e80000)
 ParOldGen       total 53248K, used 7615K [0x0000000081a00000, 0x0000000084e00000, 0x00000000d5e00000)
  object space 53248K, 14% used [0x0000000081a00000,0x000000008216ff88,0x0000000084e00000)
 Metaspace       used 33286K, capacity 35422K, committed 35496K, reserved 1079296K
  class space    used 4406K, capacity 4807K, committed 4864K, reserved 1048576K
}
Event: 11.100 GC heap before
{Heap before GC invocations=10 (full 2):
 PSYoungGen      total 226304K, used 10165K [0x00000000d5e00000, 0x00000000e4b00000, 0x0000000100000000)
  eden space 216064K, 0% used [0x00000000d5e00000,0x00000000d5e00000,0x00000000e3100000)
  from space 10240K, 99% used [0x00000000e4100000,0x00000000e4aed450,0x00000000e4b00000)
  to   space 12800K, 0% used [0x00000000e3200000,0x00000000e3200000,0x00000000e3e80000)
 ParOldGen       total 53248K, used 7615K [0x0000000081a00000, 0x0000000084e00000, 0x00000000d5e00000)
  object space 53248K, 14% used [0x0000000081a00000,0x000000008216ff88,0x0000000084e00000)
 Metaspace       used 33286K, capacity 35422K, committed 35496K, reserved 1079296K
  class space    used 4406K, capacity 4807K, committed 4864K, reserved 1048576K
Event: 11.208 GC heap after
Heap after GC invocations=10 (full 2):
 PSYoungGen      total 226304K, used 0K [0x00000000d5e00000, 0x00000000e4b00000, 0x0000000100000000)
  eden space 216064K, 0% used [0x00000000d5e00000,0x00000000d5e00000,0x00000000e3100000)
  from space 10240K, 0% used [0x00000000e4100000,0x00000000e4100000,0x00000000e4b00000)
  to   space 12800K, 0% used [0x00000000e3200000,0x00000000e3200000,0x00000000e3e80000)
 ParOldGen       total 53248K, used 14949K [0x0000000081a00000, 0x0000000084e00000, 0x00000000d5e00000)
  object space 53248K, 28% used [0x0000000081a00000,0x0000000082899668,0x0000000084e00000)
 Metaspace       used 33286K, capacity 35422K, committed 35496K, reserved 1079296K
  class space    used 4406K, capacity 4807K, committed 4864K, reserved 1048576K
}

